/home/runner/work/ndcpp/ndcpp/input/ndcpp.xml:76:47: error: element "section" not allowed here; expected the element end-tag, text, element "_", "assignable", "choice", "ctr", "depends", "endnote", "equation", "figure", "if-opt-app", "no-link", "refinement", "selectables", "snip", "testlist" or "xref" or an element from another namespace
/home/runner/work/ndcpp/ndcpp/input/ndcpp.xml:80:42: error: element "section" not allowed here; expected the element end-tag, text, element "_", "assignable", "choice", "ctr", "depends", "endnote", "equation", "figure", "if-opt-app", "no-link", "refinement", "selectables", "snip", "testlist" or "xref" or an element from another namespace
/home/runner/work/ndcpp/ndcpp/input/ndcpp.xml:103:49: error: element "section" not allowed yet; missing required element "tech-terms"
/home/runner/work/ndcpp/ndcpp/input/ndcpp.xml:109:17: error: element "tech-terms" not allowed here; expected the element end-tag, element "section" or an element from another namespace
/home/runner/work/ndcpp/ndcpp/input/ndcpp.xml:1146:28: error: element "depends" not allowed here; expected the element end-tag or element "audit", "audit-event", "comp-lev", "consistency-rationale", "dependencies", "exportable", "f-element", "importable", "management" or "note"
